TN:
SF:src\components\JobResults\JobListing.vue
FN:57,(anonymous_0)
FNF:1
FNH:1
FNDA:4,(anonymous_0)
DA:48,2
DA:58,4
LF:2
LH:2
BRF:0
BRH:0
end_of_record
TN:
SF:src\components\Navigation\ProfileImage.vue
FN:8,(anonymous_0)
FNF:1
FNH:1
FNDA:1,(anonymous_0)
DA:6,2
DA:9,1
LF:2
LH:2
BRF:0
BRH:0
end_of_record
TN:
SF:src\components\Navigation\Subnav.vue
FN:16,(anonymous_0)
FNF:1
FNH:1
FNDA:2,(anonymous_0)
DA:13,2
DA:17,2
LF:2
LH:2
BRF:0
BRH:0
end_of_record
TN:
SF:src\components\Shared\ActionButton.vue
FN:21,(anonymous_0)
FNF:1
FNH:1
FNDA:3,(anonymous_0)
DA:8,3
DA:22,3
LF:2
LH:2
BRF:0
BRH:0
end_of_record
TN:
SF:src\components\Shared\TextInput.vue
FN:27,(anonymous_0)
FNF:1
FNH:1
FNDA:4,(anonymous_0)
DA:12,2
DA:28,4
LF:2
LH:2
BRF:0
BRH:0
end_of_record
TN:
SF:src\store\index.js
FN:3,(anonymous_0)
FN:10,(anonymous_1)
FN:13,(anonymous_2)
FNF:3
FNH:2
FNDA:2,(anonymous_0)
FNDA:1,(anonymous_1)
FNDA:0,(anonymous_2)
DA:3,1
DA:4,2
DA:9,1
DA:11,1
DA:14,0
DA:18,1
LF:6
LH:5
BRF:0
BRH:0
end_of_record
TN:
SF:src\utils\nextElementInList.js
FN:1,(anonymous_0)
FNF:1
FNH:1
FNDA:4,(anonymous_0)
DA:1,2
DA:2,4
DA:3,4
DA:4,4
DA:5,4
LF:5
LH:5
BRF:0
BRH:0
end_of_record
